-- Configuring done (0.0s)
-- Generating done (0.0s)
-- Build files have been written to: /home/afaik/fachprojekt-26-btree/build
[  3%] Performing update step for 'argparse-external'
[  7%] No patch step for 'argparse-external'
[ 11%] Performing configure step for 'argparse-external'
-- Configuring done (0.0s)
-- Generating done (0.0s)
-- Build files have been written to: /home/afaik/fachprojekt-26-btree/lib/argparse/src/argparse-external-build
[ 14%] Performing build step for 'argparse-external'
[ 18%] Performing install step for 'argparse-external'

[ 22%] Completed 'argparse-external'
[ 29%] Built target argparse-external
[ 33%] Performing update step for 'json-external'
[ 37%] No patch step for 'json-external'
[ 40%] Performing configure step for 'json-external'

[ 44%] Performing build step for 'json-external'

[ 48%] Performing install step for 'json-external'

[ 51%] Completed 'json-external'
[ 59%] Built target json-external
[ 62%] Performing update step for 'perf-cpp-external'
[ 66%] No patch step for 'perf-cpp-external'
[ 70%] Performing configure step for 'perf-cpp-external'
-- Configuring done (0.0s)
-- Generating done (0.0s)
-- Build files have been written to: /home/afaik/fachprojekt-26-btree/lib/perf-cpp/src/perf-cpp-external-build
[ 74%] Performing build step for 'perf-cpp-external'
[100%] Built target perf-cpp
[ 77%] Performing install step for 'perf-cpp-external'

[ 81%] Completed 'perf-cpp-external'
[ 88%] Built target perf-cpp-external
[ 92%] Building CXX object CMakeFiles/b_tree.dir/src/main.cpp.o
[ 96%] Linking CXX executable bin/b_tree
[100%] Built target b_tree
-- Configuring done (0.0s)
-- Generating done (0.0s)
-- Build files have been written to: /home/afaik/fachprojekt-26-btree/build
Generaring YCSB workload workloada with key type randint
Built target ycsb
Workload: insert phase: 10000000 inserts / mixed phase: 10000000 requests
Insert phase[0]: seconds: 4.27383 | instructions: 6.82132e+09 | cycles: 1.69702e+10 | CYCLE_ACTIVITY.STALLS_TOTAL: 1.2094e+10 | 
Lookup phase[0]: seconds: 4.17461 | instructions: 4.79865e+09 | cycles: 1.74092e+10 | CYCLE_ACTIVITY.STALLS_TOTAL: 1.37502e+10 | 
