-- Configuring done (0.4s)
-- Generating done (0.2s)
-- Build files have been written to: /home/ls12/fpsc26-08/fachprojekt-26-btree/build
-- Configuring done (0.4s)
-- Generating done (0.1s)
-- Build files have been written to: /home/ls12/fpsc26-08/fachprojekt-26-btree/build
[  3%] Performing update step for 'argparse-external'
-- Already at requested tag: v2.9
[  7%] No patch step for 'argparse-external'
[ 11%] Performing configure step for 'argparse-external'
-- Configuring done (0.1s)
-- Generating done (0.1s)
-- Build files have been written to: /home/ls12/fpsc26-08/fachprojekt-26-btree/lib/argparse/src/argparse-external-build
[ 14%] Performing build step for 'argparse-external'
[ 18%] Performing install step for 'argparse-external'

[ 22%] Completed 'argparse-external'
[ 29%] Built target argparse-external
[ 33%] Performing update step for 'json-external'
-- Already at requested tag: v3.11.2
[ 37%] No patch step for 'json-external'
[ 40%] Performing configure step for 'json-external'

[ 44%] Performing build step for 'json-external'

[ 48%] Performing install step for 'json-external'

[ 51%] Completed 'json-external'
[ 59%] Built target json-external
[ 62%] Performing update step for 'perf-cpp-external'
-- Already at requested tag: v0.9.0
[ 66%] No patch step for 'perf-cpp-external'
[ 70%] Performing configure step for 'perf-cpp-external'
-- Configuring done (0.1s)
-- Generating done (0.2s)
-- Build files have been written to: /home/ls12/fpsc26-08/fachprojekt-26-btree/lib/perf-cpp/src/perf-cpp-external-build
[ 74%] Performing build step for 'perf-cpp-external'
[100%] Built target perf-cpp
[ 77%] Performing install step for 'perf-cpp-external'

[ 81%] Completed 'perf-cpp-external'
[ 88%] Built target perf-cpp-external
[100%] Built target b_tree
Workload: insert phase: 10000000 inserts / mixed phase: 10000000 requests
Insert phase[0]: seconds: 0.709252 | instructions: 5.2509e+09 | cycles: 1.79152e+10 | CYCLE_ACTIVITY.STALLS_TOTAL: 1.31225e+10 | 
Lookup phase[0]: seconds: 0.447407 | instructions: 4.12016e+09 | cycles: 1.41946e+10 | CYCLE_ACTIVITY.STALLS_TOTAL: 1.03996e+10 | 
